<?xml version="1.0" encoding="UTF-8"?>
<!-- Generated by org.testng.reporters.JUnitReportReporter -->
<testsuite hostname="mds-macbook-pro.lan" failures="0" tests="2" name="com.DataDrivenTest" time="0.010" errors="0" timestamp="2023-10-07T13:32:04 EDT" skipped="0">
  <testcase classname="com.DataDrivenTest" name="f" time="0.008"/>
  <testcase classname="com.DataDrivenTest" name="f" time="0.002"/>
</testsuite> <!-- com.DataDrivenTest -->
