<?xml version="1.0" encoding="UTF-8"?>
<!-- Generated by org.testng.reporters.JUnitReportReporter -->
<testsuite hostname="mds-macbook-pro.lan" failures="0" tests="2" name="com.UniqueTest" time="0.007" errors="0" timestamp="2023-10-01T13:33:33 EDT" skipped="0">
  <testcase classname="com.UniqueTest" name="logout" time="0.004"/>
  <testcase classname="com.UniqueTest" name="logIn" time="0.003"/>
</testsuite> <!-- com.UniqueTest -->
