<?xml version="1.0" encoding="UTF-8"?>
<!-- Generated by org.testng.reporters.JUnitReportReporter -->
<testsuite hostname="MDs-MacBook-Pro" failures="0" tests="2" name="com.UnitTest" time="0.009" errors="0" timestamp="2023-10-01T15:47:46 EDT" skipped="0">
  <testcase classname="com.UnitTest" name="logout" time="0.005"/>
  <testcase classname="com.UnitTest" name="logIn" time="0.004"/>
</testsuite> <!-- com.UnitTest -->
