<?xml version="1.0" encoding="UTF-8"?>
<!-- Generated by org.testng.reporters.JUnitReportReporter -->
<testsuite hostname="MDs-MacBook-Pro" failures="0" tests="1" name="com.SmokeTest" time="0.010" errors="0" timestamp="2023-10-01T15:47:46 EDT" skipped="0">
  <testcase classname="com.SmokeTest" name="test1" time="0.010"/>
</testsuite> <!-- com.SmokeTest -->
